<?xml version="1.0" encoding="UTF-8"?>
<!-- Generated by org.testng.reporters.JUnitReportReporter -->
<testsuite hostname="QT-INHD-LT0401" failures="0" tests="1" name="RestAssured.RestAssured.PostRequest.HeadersAndCookies" time="2.947" errors="0" timestamp="2022-12-07T17:00:52 IST" skipped="0">
  <testcase classname="RestAssured.RestAssured.PostRequest.HeadersAndCookies" name="HeaderAndCookie" time="2.947"/>
  <system-out/>
</testsuite> <!-- RestAssured.RestAssured.PostRequest.HeadersAndCookies -->
