<?xml version="1.0" encoding="UTF-8"?>
<!-- Generated by org.testng.reporters.JUnitReportReporter -->
<testsuite hostname="QT-INHD-LT0401" failures="0" tests="1" name="RestAssured.RestAssured.PostRequest.DeleteRequest" time="6.050" errors="0" timestamp="2022-12-07T09:28:40 IST" skipped="0">
  <testcase classname="RestAssured.RestAssured.PostRequest.DeleteRequest" name="deleteRequest" time="6.050"/>
  <system-out/>
</testsuite> <!-- RestAssured.RestAssured.PostRequest.DeleteRequest -->
