<?xml version="1.0" encoding="UTF-8"?>
<!-- Generated by org.testng.reporters.JUnitReportReporter -->
<testsuite hostname="QT-INHD-LT0401" failures="0" tests="1" name="RestAssured.RestAssured.PostRequest.PartialUpdateBooking" time="5.595" errors="0" timestamp="2022-12-06T16:02:46 IST" skipped="0">
  <testcase classname="RestAssured.RestAssured.PostRequest.PartialUpdateBooking" name="partialUpdate" time="5.595"/>
  <system-out/>
</testsuite> <!-- RestAssured.RestAssured.PostRequest.PartialUpdateBooking -->
