<?xml version="1.0" encoding="UTF-8"?>
<!-- Generated by org.testng.reporters.JUnitReportReporter -->
<testsuite hostname="QT-INHD-LT0401" failures="0" tests="1" name="RestAssured.RestAssured.PostRequest.UpdateBookingTests" time="4.716" errors="0" timestamp="2022-12-07T09:27:47 IST" skipped="0">
  <testcase classname="RestAssured.RestAssured.PostRequest.UpdateBookingTests" name="updateBookingTest" time="4.716"/>
  <system-out/>
</testsuite> <!-- RestAssured.RestAssured.PostRequest.UpdateBookingTests -->
