<?xml version="1.0" encoding="UTF-8"?>
<!-- Generated by org.testng.reporters.JUnitReportReporter -->
<testsuite hostname="QT-INHD-LT0401" failures="0" tests="1" name="RestAssured.RestAssured.PostRequest.GetXmlResponse" time="5.233" errors="0" timestamp="2022-12-07T18:15:32 IST" skipped="0">
  <testcase classname="RestAssured.RestAssured.PostRequest.GetXmlResponse" name="xmlTest" time="5.233"/>
  <system-out/>
</testsuite> <!-- RestAssured.RestAssured.PostRequest.GetXmlResponse -->
