<?xml version="1.0" encoding="UTF-8"?>
<!-- Generated by org.testng.reporters.JUnitReportReporter -->
<testsuite hostname="QT-INHD-LT0401" failures="0" tests="1" name="RestAssuredRahulShetty.GetAndExtractResponse" time="3.682" errors="0" timestamp="2022-12-12T15:08:36 IST" skipped="0">
  <testcase classname="RestAssuredRahulShetty.GetAndExtractResponse" name="extract" time="3.682"/>
  <system-out/>
</testsuite> <!-- RestAssuredRahulShetty.GetAndExtractResponse -->
