<?xml version="1.0" encoding="UTF-8"?>
<!-- Generated by org.testng.reporters.JUnitReportReporter -->
<testsuite hostname="QT-INHD-LT0401" failures="0" tests="1" name="RestAssuredRahulShetty.PostMethodOrAddPlace" time="4.936" errors="0" timestamp="2022-12-12T15:09:57 IST" skipped="0">
  <testcase classname="RestAssuredRahulShetty.PostMethodOrAddPlace" name="postt" time="4.936"/>
  <system-out/>
</testsuite> <!-- RestAssuredRahulShetty.PostMethodOrAddPlace -->
