<?xml version="1.0" encoding="UTF-8"?>
<!-- Generated by org.testng.reporters.JUnitReportReporter -->
<testsuite hostname="QT-INHD-LT0401" failures="0" tests="1" name="RestAssuredRahulShetty.ComplexJsonParse" time="1.888" errors="0" timestamp="2022-12-12T19:34:06 IST" skipped="0">
  <testcase classname="RestAssuredRahulShetty.ComplexJsonParse" name="complexParse" time="1.888"/>
  <system-out/>
</testsuite> <!-- RestAssuredRahulShetty.ComplexJsonParse -->
