<?xml version="1.0" encoding="UTF-8"?>
<!-- Generated by org.testng.reporters.JUnitReportReporter -->
<testsuite hostname="QT-INHD-LT0401" failures="0" tests="1" name="RestAssured.RestAssured.PostRequest.SerializationRestAssured" time="3.947" errors="0" timestamp="2022-12-07T19:16:37 IST" skipped="0">
  <testcase classname="RestAssured.RestAssured.PostRequest.SerializationRestAssured" name="createBookingWithPOJOTest" time="3.947"/>
  <system-out/>
</testsuite> <!-- RestAssured.RestAssured.PostRequest.SerializationRestAssured -->
