<?xml version="1.0" encoding="UTF-8"?>
<!-- Generated by org.testng.reporters.JUnitReportReporter -->
<testsuite hostname="QT-INHD-LT0401" failures="0" tests="1" name="RestAssured.RestAssured.PostRequest.CreateBookingTests" time="3.747" errors="0" timestamp="2022-12-06T11:08:58 IST" skipped="0">
  <testcase classname="RestAssured.RestAssured.PostRequest.CreateBookingTests" name="createBookingTest" time="3.747"/>
  <system-out/>
</testsuite> <!-- RestAssured.RestAssured.PostRequest.CreateBookingTests -->
