<?xml version="1.0" encoding="UTF-8"?>
<!-- Generated by org.testng.reporters.JUnitReportReporter -->
<testsuite hostname="QT-INHD-LT0401" failures="0" tests="1" name="RestAssured.RestAssured.GetBooking" time="3.264" errors="0" timestamp="2022-12-06T20:04:59 IST" skipped="0">
  <testcase classname="RestAssured.RestAssured.GetBooking" name="getBookingTest" time="3.264"/>
  <system-out/>
</testsuite> <!-- RestAssured.RestAssured.GetBooking -->
