<?xml version="1.0" encoding="UTF-8"?>
<!-- Generated by org.testng.reporters.JUnitReportReporter -->
<testsuite hostname="QT-INHD-LT0401" failures="0" tests="1" name="RestAssured.RestAssured.GetHttpMethod" time="9.697" errors="0" timestamp="2022-12-05T14:41:16 IST" skipped="0">
  <testcase classname="RestAssured.RestAssured.GetHttpMethod" name="getBookingIds" time="9.697"/>
  <system-out/>
</testsuite> <!-- RestAssured.RestAssured.GetHttpMethod -->
