<?xml version="1.0" encoding="UTF-8"?>
<!-- Generated by org.testng.reporters.JUnitReportReporter -->
<testsuite hostname="QT-INHD-LT0401" failures="0" tests="1" name="RestAssured.RestAssured.PostRequest.UpdateBookingTests" time="5.790" errors="0" timestamp="2022-12-06T14:51:58 IST" skipped="0">
  <testcase classname="RestAssured.RestAssured.PostRequest.UpdateBookingTests" name="updateBookingTest" time="5.790"/>
  <system-out/>
</testsuite> <!-- RestAssured.RestAssured.PostRequest.UpdateBookingTests -->
