<?xml version="1.0" encoding="UTF-8"?>
<!-- Generated by org.testng.reporters.JUnitReportReporter -->
<testsuite hostname="QT-INHD-LT0401" failures="0" tests="1" name="RestAssured.RestAssured.PostRequest" time="2.933" errors="0" timestamp="2022-12-06T10:45:51 IST" skipped="0">
  <testcase classname="RestAssured.RestAssured.PostRequest" name="createBookingId" time="2.933"/>
  <system-out/>
</testsuite> <!-- RestAssured.RestAssured.PostRequest -->
